<?xml version="1.0" encoding="UTF-8"?>
<testng-results ignored="0" total="1" passed="1" failed="0" skipped="0">
  <reporter-output>
  </reporter-output>
  <suite started-at="2026-02-13T22:22:31 IST" name="Default suite" finished-at="2026-02-13T22:22:44 IST" duration-ms="13519">
    <groups>
    </groups>
    <test started-at="2026-02-13T22:22:31 IST" name="Default test" finished-at="2026-02-13T22:22:44 IST" duration-ms="13519">
      <class name="com.basic_java.demo.sample">
        <test-method signature="testShadowDomElement()[pri:0, instance:com.basic_java.demo.sample@557caf28]" started-at="2026-02-13T22:22:31 IST" name="testShadowDomElement" finished-at="2026-02-13T22:22:44 IST" duration-ms="13438" status="PASS">
          <reporter-output>
          </reporter-output>
        </test-method> <!-- testShadowDomElement -->
      </class> <!-- com.basic_java.demo.sample -->
    </test> <!-- Default test -->
  </suite> <!-- Default suite -->
</testng-results>
